TN:
SF:src/AOXC.Bridge.sol
DA:64,0
FN:64,AOXCBridge.nonReentrant
FNDA:0,AOXCBridge.nonReentrant
DA:65,0
DA:67,0
DA:70,0
FN:70,AOXCBridge._nonReentrantBefore
FNDA:0,AOXCBridge._nonReentrantBefore
DA:71,0
BRDA:71,0,0,-
DA:72,0
DA:75,0
FN:75,AOXCBridge._nonReentrantAfter
FNDA:0,AOXCBridge._nonReentrantAfter
DA:76,0
DA:107,0
FN:107,AOXCBridge.constructor
FNDA:0,AOXCBridge.constructor
DA:108,0
DA:114,0
FN:114,AOXCBridge.initialize
FNDA:0,AOXCBridge.initialize
DA:115,0
BRDA:115,1,0,-
DA:117,0
DA:118,0
DA:120,0
DA:121,0
DA:123,0
DA:124,0
DA:125,0
DA:126,0
DA:136,0
FN:136,AOXCBridge.bridgeOut
FNDA:0,AOXCBridge.bridgeOut
DA:137,0
BRDA:137,2,0,-
DA:138,0
BRDA:138,3,0,-
DA:140,0
DA:141,0
BRDA:141,4,0,-
DA:143,0
DA:144,0
DA:146,0
BRDA:146,5,0,-
DA:147,0
BRDA:147,6,0,-
DA:148,0
DA:149,0
DA:151,0
BRDA:151,7,0,-
DA:152,0
DA:154,0
DA:155,0
DA:158,0
DA:159,0
DA:165,0
FN:165,AOXCBridge.bridgeIn
FNDA:0,AOXCBridge.bridgeIn
DA:171,0
BRDA:171,8,0,-
DA:173,0
DA:174,0
BRDA:174,9,0,-
DA:176,0
DA:177,0
DA:179,0
DA:186,0
FN:186,AOXCBridge.setSubDaoPass
FNDA:0,AOXCBridge.setSubDaoPass
DA:187,0
BRDA:187,10,0,-
DA:189,0
DA:196,0
DA:199,0
FN:199,AOXCBridge.setChainSupport
FNDA:0,AOXCBridge.setChainSupport
DA:200,0
DA:203,0
FN:203,AOXCBridge.pause
FNDA:0,AOXCBridge.pause
DA:204,0
DA:207,0
FN:207,AOXCBridge.unpause
FNDA:0,AOXCBridge.unpause
DA:208,0
DA:215,0
FN:215,AOXCBridge._authorizeUpgrade
FNDA:0,AOXCBridge._authorizeUpgrade
FNF:12
FNH:0
LF:55
LH:0
BRF:11
BRH:0
end_of_record
TN:
SF:src/AOXC.Governor.sol
DA:80,0
FN:80,AOXCGovernor.constructor
FNDA:0,AOXCGovernor.constructor
DA:81,0
DA:87,0
FN:87,AOXCGovernor.initialize
FNDA:0,AOXCGovernor.initialize
DA:92,0
BRDA:92,0,0,-
DA:94,0
DA:95,0
DA:100,0
DA:101,0
DA:102,0
DA:103,0
DA:104,0
DA:105,0
DA:107,0
DA:108,0
DA:109,0
DA:110,0
DA:112,0
DA:119,0
FN:119,AOXCGovernor.clockMode
FNDA:0,AOXCGovernor.clockMode
DA:120,0
DA:123,0
FN:123,AOXCGovernor.clock
FNDA:0,AOXCGovernor.clock
DA:124,0
DA:131,0
FN:131,AOXCGovernor.authorizeSubDao
FNDA:0,AOXCGovernor.authorizeSubDao
DA:138,0
BRDA:138,1,0,-
DA:140,0
DA:149,0
DA:150,0
DA:152,0
DA:155,0
FN:155,AOXCGovernor.setReputationThreshold
FNDA:0,AOXCGovernor.setReputationThreshold
DA:156,0
DA:157,0
DA:160,0
FN:160,AOXCGovernor.propose
FNDA:0,AOXCGovernor.propose
DA:167,0
DA:169,0
BRDA:169,2,0,-
DA:170,0
DA:173,0
DA:176,0
FN:176,AOXCGovernor.guardianCancel
FNDA:0,AOXCGovernor.guardianCancel
DA:182,0
DA:189,0
FN:189,AOXCGovernor.votingDelay
FNDA:0,AOXCGovernor.votingDelay
DA:190,0
DA:193,0
FN:193,AOXCGovernor.votingPeriod
FNDA:0,AOXCGovernor.votingPeriod
DA:194,0
DA:197,0
FN:197,AOXCGovernor.quorum
FNDA:0,AOXCGovernor.quorum
DA:198,0
DA:201,0
FN:201,AOXCGovernor.state
FNDA:0,AOXCGovernor.state
DA:202,0
DA:205,0
FN:205,AOXCGovernor.proposalNeedsQueuing
FNDA:0,AOXCGovernor.proposalNeedsQueuing
DA:206,0
DA:209,0
FN:209,AOXCGovernor.proposalThreshold
FNDA:0,AOXCGovernor.proposalThreshold
DA:210,0
DA:213,0
FN:213,AOXCGovernor.proposalDeadline
FNDA:0,AOXCGovernor.proposalDeadline
DA:214,0
DA:217,0
FN:217,AOXCGovernor._tallyUpdated
FNDA:0,AOXCGovernor._tallyUpdated
DA:218,0
DA:221,0
FN:221,AOXCGovernor._executeOperations
FNDA:0,AOXCGovernor._executeOperations
DA:222,0
DA:225,0
FN:225,AOXCGovernor._queueOperations
FNDA:0,AOXCGovernor._queueOperations
DA:226,0
DA:229,0
FN:229,AOXCGovernor._cancel
FNDA:0,AOXCGovernor._cancel
DA:230,0
DA:233,0
FN:233,AOXCGovernor._executor
FNDA:0,AOXCGovernor._executor
DA:234,0
DA:237,0
FN:237,AOXCGovernor.supportsInterface
FNDA:0,AOXCGovernor.supportsInterface
DA:238,0
DA:241,0
FN:241,AOXCGovernor._authorizeUpgrade
FNDA:0,AOXCGovernor._authorizeUpgrade
FNF:22
FNH:0
LF:64
LH:0
BRF:3
BRH:0
end_of_record
TN:
SF:src/AOXC.SecurityRegistry.sol
DA:58,0
FN:58,AOXCSecurityRegistry.constructor
FNDA:0,AOXCSecurityRegistry.constructor
DA:59,0
DA:67,0
FN:67,AOXCSecurityRegistry.initialize
FNDA:0,AOXCSecurityRegistry.initialize
DA:68,0
BRDA:68,0,0,-
DA:70,0
DA:81,0
FN:81,AOXCSecurityRegistry.triggerGlobalEmergency
FNDA:0,AOXCSecurityRegistry.triggerGlobalEmergency
DA:82,0
DA:84,0
DA:85,0
DA:87,0
DA:93,0
FN:93,AOXCSecurityRegistry.releaseGlobalEmergency
FNDA:0,AOXCSecurityRegistry.releaseGlobalEmergency
DA:94,0
DA:96,0
DA:97,0
DA:99,0
DA:105,0
FN:105,AOXCSecurityRegistry.triggerSubDaoQuarantine
FNDA:0,AOXCSecurityRegistry.triggerSubDaoQuarantine
DA:106,0
BRDA:106,1,0,-
DA:108,0
DA:111,0
BRDA:111,2,0,-
DA:112,0
DA:115,0
DA:116,0
DA:117,0
DA:119,0
DA:125,0
FN:125,AOXCSecurityRegistry.releaseSubDaoEmergency
FNDA:0,AOXCSecurityRegistry.releaseSubDaoEmergency
DA:126,0
DA:128,0
DA:129,0
DA:131,0
DA:141,0
FN:141,AOXCSecurityRegistry.isAllowed
FNDA:0,AOXCSecurityRegistry.isAllowed
DA:142,0
BRDA:142,3,0,-
DA:145,0
BRDA:145,4,0,-
DA:146,0
DA:149,0
DA:156,0
FN:156,AOXCSecurityRegistry._checkAoxcRole
FNDA:0,AOXCSecurityRegistry._checkAoxcRole
DA:157,0
DA:158,0
DA:159,0
BRDA:159,5,0,-
DA:160,0
DA:164,0
FN:164,AOXCSecurityRegistry._authorizeUpgrade
FNDA:0,AOXCSecurityRegistry._authorizeUpgrade
DA:165,0
FNF:9
FNH:0
LF:41
LH:0
BRF:6
BRH:0
end_of_record
TN:
SF:src/AOXC.Stake.sol
DA:57,0
FN:57,AOXCStaking.nonReentrant
FNDA:0,AOXCStaking.nonReentrant
DA:58,0
DA:60,0
DA:63,0
FN:63,AOXCStaking._nonReentrantBefore
FNDA:0,AOXCStaking._nonReentrantBefore
DA:64,0
BRDA:64,0,0,-
DA:65,0
DA:68,0
FN:68,AOXCStaking._nonReentrantAfter
FNDA:0,AOXCStaking._nonReentrantAfter
DA:69,0
DA:92,0
FN:92,AOXCStaking.constructor
FNDA:0,AOXCStaking.constructor
DA:93,0
DA:96,0
FN:96,AOXCStaking.initialize
FNDA:0,AOXCStaking.initialize
DA:97,0
BRDA:97,1,0,-
DA:99,0
DA:101,0
DA:102,0
DA:104,0
DA:105,0
DA:106,0
DA:116,0
FN:116,AOXCStaking.stake
FNDA:0,AOXCStaking.stake
DA:117,0
BRDA:117,2,0,-
DA:118,0
BRDA:118,3,0,-
DA:120,0
DA:121,0
DA:123,0
DA:125,0
DA:126,0
DA:136,0
DA:137,0
DA:139,0
DA:145,0
FN:145,AOXCStaking.withdraw
FNDA:0,AOXCStaking.withdraw
DA:146,0
DA:147,0
DA:149,0
BRDA:149,4,0,-
DA:151,0
DA:152,0
BRDA:152,5,0,-
DA:154,0
BRDA:154,6,0,-
DA:155,0
DA:158,0
DA:160,0
BRDA:160,7,0,-
BRDA:160,7,1,-
DA:161,0
DA:163,0
DA:166,0
DA:167,0
DA:169,0
DA:170,0
DA:177,0
FN:177,AOXCStaking.setRewardStrategy
FNDA:0,AOXCStaking.setRewardStrategy
DA:178,0
BRDA:178,8,0,-
DA:179,0
DA:180,0
DA:187,0
FN:187,AOXCStaking._authorizeUpgrade
FNDA:0,AOXCStaking._authorizeUpgrade
FNF:9
FNH:0
LF:50
LH:0
BRF:10
BRH:0
end_of_record
TN:
SF:src/AOXC.Swap.sol
DA:67,0
FN:67,AOXCSwap.nonReentrant
FNDA:0,AOXCSwap.nonReentrant
DA:68,0
DA:70,0
DA:73,0
FN:73,AOXCSwap._nonReentrantBefore
FNDA:0,AOXCSwap._nonReentrantBefore
DA:74,0
BRDA:74,0,0,-
DA:75,0
DA:78,0
FN:78,AOXCSwap._nonReentrantAfter
FNDA:0,AOXCSwap._nonReentrantAfter
DA:79,0
DA:104,0
FN:104,AOXCSwap.constructor
FNDA:0,AOXCSwap.constructor
DA:105,0
DA:113,0
FN:113,AOXCSwap.initialize
FNDA:0,AOXCSwap.initialize
DA:114,0
BRDA:114,1,0,-
DA:116,0
DA:118,0
DA:119,0
DA:120,0
DA:122,0
DA:123,0
DA:124,0
DA:135,0
FN:135,AOXCSwap.setFloorPrice
FNDA:0,AOXCSwap.setFloorPrice
DA:136,0
DA:137,0
DA:144,0
FN:144,AOXCSwap.triggerAutonomicDefense
FNDA:0,AOXCSwap.triggerAutonomicDefense
DA:145,0
BRDA:145,2,0,-
DA:147,0
DA:149,0
BRDA:149,3,0,-
DA:150,0
DA:151,0
BRDA:151,4,0,-
DA:153,0
DA:156,0
DA:160,0
BRDA:160,5,0,-
DA:162,0
DA:164,0
BRDA:164,6,0,-
DA:165,0
DA:179,0
FN:179,AOXCSwap.petrifyLiquidity
FNDA:0,AOXCSwap.petrifyLiquidity
DA:180,0
BRDA:180,7,0,-
DA:182,0
DA:183,0
DA:185,0
DA:196,0
FN:196,AOXCSwap.sovereignSwap
FNDA:0,AOXCSwap.sovereignSwap
DA:197,0
DA:200,0
BRDA:200,8,0,-
DA:201,0
BRDA:201,9,0,-
DA:214,0
FN:214,AOXCSwap.linkStrategy
FNDA:0,AOXCSwap.linkStrategy
DA:215,0
BRDA:215,10,0,-
DA:216,0
DA:217,0
DA:223,0
FN:223,AOXCSwap.toggleSelfHealing
FNDA:0,AOXCSwap.toggleSelfHealing
DA:224,0
DA:230,0
FN:230,AOXCSwap._authorizeUpgrade
FNDA:0,AOXCSwap._authorizeUpgrade
FNF:12
FNH:0
LF:50
LH:0
BRF:11
BRH:0
end_of_record
TN:
SF:src/AOXC.Timelock.sol
DA:48,0
FN:48,AOXCTimelock.constructor
FNDA:0,AOXCTimelock.constructor
DA:49,0
DA:59,0
FN:59,AOXCTimelock.initialize
FNDA:0,AOXCTimelock.initialize
DA:65,0
BRDA:65,0,0,-
DA:68,0
DA:75,0
FN:75,AOXCTimelock.setSubDaoMinDelay
FNDA:0,AOXCTimelock.setSubDaoMinDelay
DA:76,0
DA:77,0
BRDA:77,1,0,-
DA:79,0
DA:80,0
DA:87,0
FN:87,AOXCTimelock.getMinDelay
FNDA:0,AOXCTimelock.getMinDelay
DA:88,0
DA:89,0
BRDA:89,2,0,-
DA:90,0
DA:92,0
DA:99,0
FN:99,AOXCTimelock.guardianCancel
FNDA:0,AOXCTimelock.guardianCancel
DA:101,0
DA:103,0
BRDA:103,3,0,-
DA:105,0
FNF:5
FNH:0
LF:19
LH:0
BRF:4
BRH:0
end_of_record
TN:
SF:src/AOXC.sol
DA:108,5
FN:108,AOXC.constructor
FNDA:5,AOXC.constructor
DA:109,5
DA:112,5
FN:112,AOXC.initialize
FNDA:5,AOXC.initialize
DA:113,5
DA:114,5
DA:115,5
DA:116,5
DA:117,5
DA:118,5
DA:120,5
DA:122,5
DA:123,5
DA:124,5
DA:125,5
DA:127,5
DA:128,5
DA:130,5
DA:133,1
FN:133,AOXC.initializeV2
FNDA:1,AOXC.initializeV2
DA:134,1
BRDA:134,0,0,-
DA:136,1
DA:137,1
DA:138,1
DA:139,1
DA:141,1
DA:148,14
FN:148,AOXC._update
FNDA:14,AOXC._update
DA:152,14
DA:155,14
BRDA:155,1,0,1
DA:156,1
DA:160,13
BRDA:160,2,0,-
DA:161,13
BRDA:161,3,0,-
DA:164,13
BRDA:164,4,0,4
DA:165,4
BRDA:165,5,0,-
DA:167,4
DA:168,4
BRDA:168,6,0,-
DA:169,0
DA:170,0
DA:172,4
BRDA:172,7,0,1
DA:173,3
DA:176,3
BRDA:176,8,0,1
DA:177,1
DA:178,1
DA:179,1
DA:183,12
DA:190,1
FN:190,AOXC.mint
FNDA:1,AOXC.mint
DA:191,0
BRDA:191,9,0,-
DA:193,1
BRDA:193,10,0,-
DA:194,0
DA:195,0
DA:196,0
DA:199,1
BRDA:199,11,0,-
BRDA:199,11,1,1
DA:200,1
DA:201,1
DA:204,0
FN:204,AOXC.setTaxConfig
FNDA:0,AOXC.setTaxConfig
DA:205,0
BRDA:205,12,0,-
DA:206,0
DA:207,0
DA:208,0
DA:209,0
DA:210,0
DA:213,1
FN:213,AOXC.addToBlacklist
FNDA:1,AOXC.addToBlacklist
DA:214,1
BRDA:214,13,0,-
DA:215,1
DA:216,1
DA:217,1
DA:220,0
FN:220,AOXC.removeFromBlacklist
FNDA:0,AOXC.removeFromBlacklist
DA:221,0
DA:223,0
DA:226,1
FN:226,AOXC.setGlobalLock
FNDA:1,AOXC.setGlobalLock
DA:227,1
DA:230,0
FN:230,AOXC.rescueERC20
FNDA:0,AOXC.rescueERC20
DA:231,0
DA:238,5
FN:238,AOXC._setupRoles
FNDA:5,AOXC._setupRoles
DA:239,5
DA:240,5
DA:241,5
DA:242,5
DA:243,5
DA:246,0
FN:246,AOXC._authorizeUpgrade
FNDA:0,AOXC._authorizeUpgrade
DA:248,0
FN:248,AOXC.isBlacklisted
FNDA:0,AOXC.isBlacklisted
DA:249,0
DA:252,0
FN:252,AOXC.pause
FNDA:0,AOXC.pause
DA:253,0
FN:253,AOXC.unpause
FNDA:0,AOXC.unpause
DA:255,0
FN:255,AOXC.nonces
FNDA:0,AOXC.nonces
DA:256,0
FNF:16
FNH:8
LF:84
LH:59
BRF:15
BRH:5
end_of_record
TN:
SF:src/AOXCSovereignFortress.sol
DA:44,0
FN:44,AOXCBridge.nonReentrant
FNDA:0,AOXCBridge.nonReentrant
DA:45,0
DA:47,0
DA:50,0
FN:50,AOXCBridge._nonReentrantBefore
FNDA:0,AOXCBridge._nonReentrantBefore
DA:51,0
BRDA:51,0,0,-
DA:52,0
DA:55,0
FN:55,AOXCBridge._nonReentrantAfter
FNDA:0,AOXCBridge._nonReentrantAfter
DA:56,0
DA:61,0
FN:61,AOXCBridge.initialize
FNDA:0,AOXCBridge.initialize
DA:62,0
DA:63,0
DA:64,0
DA:67,0
FN:67,AOXCBridge._authorizeUpgrade
FNDA:0,AOXCBridge._authorizeUpgrade
FNF:5
FNH:0
LF:13
LH:0
BRF:1
BRH:0
end_of_record
TN:
SF:src/abstract/AOXCStorage.sol
DA:105,16
FN:105,AOXCStorage._getMainStorage
FNDA:16,AOXCStorage._getMainStorage
DA:106,16
DA:109,0
FN:109,AOXCStorage._getStakingStorage
FNDA:0,AOXCStorage._getStakingStorage
DA:110,0
DA:113,0
FN:113,AOXCStorage._getNftStorage
FNDA:0,AOXCStorage._getNftStorage
DA:114,0
DA:117,0
FN:117,AOXCStorage._getBridgeStorage
FNDA:0,AOXCStorage._getBridgeStorage
DA:118,0
FNF:4
FNH:1
LF:8
LH:2
BRF:0
BRH:0
end_of_record
TN:
SF:src/libraries/AOXCConstants.sol
DA:94,0
FN:94,AOXCConstants.generateRole
FNDA:0,AOXCConstants.generateRole
DA:96,0
DA:97,0
DA:98,0
DA:105,0
FN:105,AOXCConstants.generateParamKey
FNDA:0,AOXCConstants.generateParamKey
DA:106,0
DA:107,0
DA:110,0
FNF:2
FNH:0
LF:8
LH:0
BRF:0
BRH:0
end_of_record
