TN:
SF:script/DeployAOXC.s.sol
DA:19,0
FN:19,DeployAOXC.run
FNDA:0,DeployAOXC.run
DA:23,0
DA:25,0
DA:27,0
DA:28,0
DA:29,0
DA:32,0
DA:35,0
DA:36,0
DA:40,0
DA:47,0
DA:48,0
DA:50,0
DA:53,0
DA:55,0
DA:61,0
FN:61,DeployAOXC._printDeploymentSummary
FNDA:0,DeployAOXC._printDeploymentSummary
DA:62,0
DA:63,0
DA:64,0
DA:65,0
DA:66,0
DA:67,0
DA:68,0
DA:69,0
FNF:2
FNH:0
LF:24
LH:0
BRF:0
BRH:0
end_of_record
TN:
SF:src/AOXC.sol
DA:55,70
FN:55,AOXC.constructor
FNDA:70,AOXC.constructor
DA:56,70
DA:59,64
FN:59,AOXC.initialize
FNDA:64,AOXC.initialize
DA:60,62
BRDA:60,0,0,1
BRDA:60,0,1,61
DA:62,61
DA:63,61
DA:64,61
DA:65,61
DA:66,61
DA:67,61
DA:69,61
DA:70,61
DA:71,61
DA:72,61
DA:73,61
DA:75,61
DA:76,61
DA:78,61
DA:79,61
DA:81,61
DA:82,61
DA:84,61
DA:87,1069
FN:87,AOXC.mint
FNDA:1069,AOXC.mint
DA:88,1065
BRDA:88,1,0,-
BRDA:88,1,1,1065
DA:90,1065
BRDA:90,2,0,45
DA:91,45
DA:92,45
DA:93,45
DA:96,1065
BRDA:96,3,0,7
BRDA:96,3,1,1058
DA:97,1058
BRDA:97,4,0,1
BRDA:97,4,1,1057
DA:99,1057
DA:100,1057
DA:103,8
FN:103,AOXC.rescueERC20
FNDA:8,AOXC.rescueERC20
DA:104,8
BRDA:104,5,0,1
BRDA:104,5,1,7
DA:105,7
DA:106,7
BRDA:106,6,0,1
BRDA:106,6,1,6
DA:107,6
DA:110,12
FN:110,AOXC.addToBlacklist
FNDA:12,AOXC.addToBlacklist
DA:111,12
BRDA:111,7,0,1
BRDA:111,7,1,11
DA:112,11
DA:113,11
DA:114,11
DA:117,7
FN:117,AOXC.removeFromBlacklist
FNDA:7,AOXC.removeFromBlacklist
DA:118,7
DA:120,7
DA:123,4
FN:123,AOXC.setExclusionFromLimits
FNDA:4,AOXC.setExclusionFromLimits
DA:124,4
DA:127,6
FN:127,AOXC.setTransferVelocity
FNDA:6,AOXC.setTransferVelocity
DA:128,6
DA:129,6
DA:130,6
DA:133,5
FN:133,AOXC.isBlacklisted
FNDA:5,AOXC.isBlacklisted
DA:134,5
DA:137,2175
FN:137,AOXC._update
FNDA:2175,AOXC._update
DA:141,2175
BRDA:141,8,0,1057
BRDA:141,9,0,1
BRDA:141,9,1,1056
DA:142,2174
BRDA:142,10,0,2173
BRDA:142,11,0,6
BRDA:142,11,1,2167
DA:144,2168
BRDA:144,12,0,1033
DA:145,1033
BRDA:145,13,0,1006
BRDA:145,13,1,27
DA:146,27
DA:147,27
BRDA:147,14,0,1
DA:148,1
DA:149,1
DA:151,27
BRDA:151,15,0,7
BRDA:151,15,1,20
DA:152,20
DA:154,1155
DA:157,8
FN:157,AOXC._authorizeUpgrade
FNDA:8,AOXC._authorizeUpgrade
DA:159,3
FN:159,AOXC.pause
FNDA:3,AOXC.pause
DA:160,3
FN:160,AOXC.unpause
FNDA:3,AOXC.unpause
DA:162,3
FN:162,AOXC.nonces
FNDA:3,AOXC.nonces
DA:163,3
FNF:14
FNH:14
LF:70
LH:70
BRF:27
BRH:26
end_of_record
TN:
SF:test/AOXC.t.sol
DA:15,6
FN:15,MockToken.constructor
FNDA:6,MockToken.constructor
DA:16,6
FNF:1
FNH:1
LF:2
LH:2
BRF:0
BRH:0
end_of_record
TN:
SF:test/AOXC_Final.t.sol
DA:161,1
FN:161,AOXCProxyMock.constructor
FNDA:1,AOXCProxyMock.constructor
DA:162,1
DA:163,1
BRDA:163,1,0,1
DA:165,1
DA:166,1
DA:177,1
FN:177,FailToken.transfer
FNDA:1,FailToken.transfer
DA:178,1
FNF:2
FNH:2
LF:7
LH:7
BRF:1
BRH:1
end_of_record
